<?xml version="1.0" encoding="UTF-8"?>
<testng-results ignored="0" total="1" passed="1" failed="0" skipped="0">
  <reporter-output>
    <line>
      <![CDATA[createcustomer]]>
    </line>
  </reporter-output>
  <suite started-at="2023-06-05T06:07:42Z" name="Suite" finished-at="2023-06-05T06:07:42Z" duration-ms="76">
    <groups>
    </groups>
    <test started-at="2023-06-05T06:07:42Z" name="Test" finished-at="2023-06-05T06:07:42Z" duration-ms="76">
      <class name="com.actitime.testscript.CustomerModule">
        <test-method signature="testcreateCustomer()[pri:0, instance:com.actitime.testscript.CustomerModule@78e4deb0]" started-at="2023-06-05T06:07:42Z" name="testcreateCustomer" finished-at="2023-06-05T06:07:42Z" duration-ms="26" status="PASS">
          <reporter-output>
            <line>
              <![CDATA[createcustomer]]>
            </line>
          </reporter-output>
        </test-method> <!-- testcreateCustomer -->
      </class> <!-- com.actitime.testscript.CustomerModule -->
    </test> <!-- Test -->
  </suite> <!-- Suite -->
</testng-results>
